<?xml version="1.0" encoding="UTF-8"?>
<!-- Generated by org.testng.reporters.JUnitXMLReporter -->
<testsuite ignored="0" hostname="LAPTOP-N7P4SP8U" failures="0" tests="6" name="Test" time="34.788" errors="0" timestamp="2021-09-26T08:53:27 IST">
  <testcase classname="TestNgFramework.TestNGAnnotation" name="googleLogo" time="0.007"/>
  <testcase classname="TestNgFramework.TestNGAnnotation" name="googleTitle" time="0.009"/>
  <testcase classname="TestNgFramework.TestNGAnnotation" name="searchText" time="0.002"/>
  <testcase classname="TestNgFramework.FacebbookLoginPageTest" name="getPageTitle" time="0.022"/>
  <testcase classname="TestNgFramework.FacebbookLoginPageTest" name="logoVerify" time="0.229"/>
  <testcase classname="TestNgFramework.FacebbookLoginPageTest" name="hoverMen" time="6.202"/>
</testsuite> <!-- Test -->
