<?xml version="1.0" encoding="UTF-8"?>
<!-- Generated by org.testng.reporters.JUnitXMLReporter -->
<testsuite ignored="0" hostname="LAPTOP-N7P4SP8U" failures="0" tests="3" name="Testing" time="0.135" errors="0" timestamp="2021-09-26T16:20:50 IST">
  <testcase classname="TestNgFramework.TestNGAnnotation" name="googleLogo" time="0.01"/>
  <testcase classname="TestNgFramework.TestNGAnnotation" name="googleTitle" time="0.006"/>
  <testcase classname="TestNgFramework.TestNGAnnotation" name="searchText" time="0.005"/>
</testsuite> <!-- Testing -->
